TN:
SF:src\app.ts
FNF:0
FNH:0
DA:1,1
DA:2,1
DA:3,1
DA:4,1
DA:5,1
DA:6,1
DA:7,1
DA:8,1
DA:9,1
DA:10,1
DA:11,1
DA:12,1
DA:13,1
DA:14,1
DA:15,1
DA:16,1
DA:17,1
DA:18,1
DA:19,1
DA:20,1
DA:21,0
DA:22,1
DA:23,1
DA:24,1
DA:25,1
DA:26,1
DA:27,1
LF:27
LH:26
BRF:0
BRH:0
end_of_record
TN:
SF:src\service\tokenService.ts
FN:10,TokenService
FN:12,generateAccessToken
FN:35,generateRefreshtoken
FN:45,persistRefreshToken
FN:57,deleteRefreshToken
FNF:5
FNH:4
FNDA:5,TokenService
FNDA:9,generateAccessToken
FNDA:9,generateRefreshtoken
FNDA:9,persistRefreshToken
FNDA:0,deleteRefreshToken
DA:1,1
DA:2,1
DA:3,1
DA:4,1
DA:5,1
DA:6,1
DA:7,1
DA:8,1
DA:9,1
DA:10,1
DA:11,1
DA:12,1
DA:13,9
DA:14,9
DA:15,9
DA:16,9
DA:17,9
DA:18,9
DA:19,9
DA:20,9
DA:21,0
DA:22,0
DA:23,0
DA:24,0
DA:25,0
DA:26,0
DA:27,0
DA:28,9
DA:29,9
DA:30,9
DA:31,9
DA:32,9
DA:33,9
DA:34,9
DA:35,1
DA:36,9
DA:37,9
DA:38,9
DA:39,9
DA:40,9
DA:41,9
DA:42,9
DA:43,9
DA:44,1
DA:45,1
DA:46,9
DA:47,9
DA:48,9
DA:49,9
DA:50,9
DA:51,9
DA:52,9
DA:53,9
DA:54,9
DA:55,9
DA:56,1
DA:57,1
DA:58,0
DA:59,0
DA:60,1
LF:60
LH:51
BRDA:10,0,0,5
BRDA:12,1,0,9
BRDA:20,2,0,0
BRDA:35,3,0,9
BRDA:45,4,0,9
BRF:5
BRH:4
end_of_record
